Analysis & Synthesis report for project
Mon Dec 04 15:19:02 2017
Quartus Prime Version 15.1.0 Build 185 10/21/2015 SJ Lite Edition


---------------------
; Table of Contents ;
---------------------
  1. Legal Notice
  2. Analysis & Synthesis Summary
  3. Analysis & Synthesis Settings
  4. Parallel Compilation
  5. Analysis & Synthesis Source Files Read
  6. Analysis & Synthesis Resource Usage Summary
  7. Analysis & Synthesis Resource Utilization by Entity
  8. User-Specified and Inferred Latches
  9. General Register Statistics
 10. Multiplexer Restructuring Statistics (Restructuring Performed)
 11. Port Connectivity Checks: "u1:t"
 12. Post-Synthesis Netlist Statistics for Top Partition
 13. Elapsed Time Per Partition
 14. Analysis & Synthesis Messages



----------------
; Legal Notice ;
----------------
Copyright (C) 1991-2015 Altera Corporation. All rights reserved.
Your use of Altera Corporation's design tools, logic functions 
and other software and tools, and its AMPP partner logic 
functions, and any output files from any of the foregoing 
(including device programming or simulation files), and any 
associated documentation or information are expressly subject 
to the terms and conditions of the Altera Program License 
Subscription Agreement, the Altera Quartus Prime License Agreement,
the Altera MegaCore Function License Agreement, or other 
applicable license agreement, including, without limitation, 
that your use is for the sole purpose of programming logic 
devices manufactured by Altera and sold by Altera or its 
authorized distributors.  Please refer to the applicable 
agreement for further details.



+----------------------------------------------------------------------------------+
; Analysis & Synthesis Summary                                                     ;
+------------------------------------+---------------------------------------------+
; Analysis & Synthesis Status        ; Successful - Mon Dec 04 15:19:02 2017       ;
; Quartus Prime Version              ; 15.1.0 Build 185 10/21/2015 SJ Lite Edition ;
; Revision Name                      ; project                                     ;
; Top-level Entity Name              ; project                                     ;
; Family                             ; Cyclone IV E                                ;
; Total logic elements               ; 148                                         ;
;     Total combinational functions  ; 148                                         ;
;     Dedicated logic registers      ; 48                                          ;
; Total registers                    ; 48                                          ;
; Total pins                         ; 35                                          ;
; Total virtual pins                 ; 0                                           ;
; Total memory bits                  ; 0                                           ;
; Embedded Multiplier 9-bit elements ; 0                                           ;
; Total PLLs                         ; 0                                           ;
+------------------------------------+---------------------------------------------+


+----------------------------------------------------------------------------------------------------------------------+
; Analysis & Synthesis Settings                                                                                        ;
+----------------------------------------------------------------------------+--------------------+--------------------+
; Option                                                                     ; Setting            ; Default Value      ;
+----------------------------------------------------------------------------+--------------------+--------------------+
; Device                                                                     ; EP4CE115F29C7      ;                    ;
; Top-level entity name                                                      ; project            ; project            ;
; Family name                                                                ; Cyclone IV E       ; Cyclone V          ;
; Use smart compilation                                                      ; Off                ; Off                ;
; Enable parallel Assembler and TimeQuest Timing Analyzer during compilation ; On                 ; On                 ;
; Enable compact report table                                                ; Off                ; Off                ;
; Restructure Multiplexers                                                   ; Auto               ; Auto               ;
; Create Debugging Nodes for IP Cores                                        ; Off                ; Off                ;
; Preserve fewer node names                                                  ; On                 ; On                 ;
; Disable OpenCore Plus hardware evaluation                                  ; Off                ; Off                ;
; Verilog Version                                                            ; Verilog_2001       ; Verilog_2001       ;
; VHDL Version                                                               ; VHDL_1993          ; VHDL_1993          ;
; State Machine Processing                                                   ; Auto               ; Auto               ;
; Safe State Machine                                                         ; Off                ; Off                ;
; Extract Verilog State Machines                                             ; On                 ; On                 ;
; Extract VHDL State Machines                                                ; On                 ; On                 ;
; Ignore Verilog initial constructs                                          ; Off                ; Off                ;
; Iteration limit for constant Verilog loops                                 ; 5000               ; 5000               ;
; Iteration limit for non-constant Verilog loops                             ; 250                ; 250                ;
; Add Pass-Through Logic to Inferred RAMs                                    ; On                 ; On                 ;
; Infer RAMs from Raw Logic                                                  ; On                 ; On                 ;
; Parallel Synthesis                                                         ; On                 ; On                 ;
; DSP Block Balancing                                                        ; Auto               ; Auto               ;
; NOT Gate Push-Back                                                         ; On                 ; On                 ;
; Power-Up Don't Care                                                        ; On                 ; On                 ;
; Remove Redundant Logic Cells                                               ; Off                ; Off                ;
; Remove Duplicate Registers                                                 ; On                 ; On                 ;
; Ignore CARRY Buffers                                                       ; Off                ; Off                ;
; Ignore CASCADE Buffers                                                     ; Off                ; Off                ;
; Ignore GLOBAL Buffers                                                      ; Off                ; Off                ;
; Ignore ROW GLOBAL Buffers                                                  ; Off                ; Off                ;
; Ignore LCELL Buffers                                                       ; Off                ; Off                ;
; Ignore SOFT Buffers                                                        ; On                 ; On                 ;
; Limit AHDL Integers to 32 Bits                                             ; Off                ; Off                ;
; Optimization Technique                                                     ; Balanced           ; Balanced           ;
; Carry Chain Length                                                         ; 70                 ; 70                 ;
; Auto Carry Chains                                                          ; On                 ; On                 ;
; Auto Open-Drain Pins                                                       ; On                 ; On                 ;
; Perform WYSIWYG Primitive Resynthesis                                      ; Off                ; Off                ;
; Auto ROM Replacement                                                       ; On                 ; On                 ;
; Auto RAM Replacement                                                       ; On                 ; On                 ;
; Auto DSP Block Replacement                                                 ; On                 ; On                 ;
; Auto Shift Register Replacement                                            ; Auto               ; Auto               ;
; Allow Shift Register Merging across Hierarchies                            ; Auto               ; Auto               ;
; Auto Clock Enable Replacement                                              ; On                 ; On                 ;
; Strict RAM Replacement                                                     ; Off                ; Off                ;
; Allow Synchronous Control Signals                                          ; On                 ; On                 ;
; Force Use of Synchronous Clear Signals                                     ; Off                ; Off                ;
; Auto RAM Block Balancing                                                   ; On                 ; On                 ;
; Auto RAM to Logic Cell Conversion                                          ; Off                ; Off                ;
; Auto Resource Sharing                                                      ; Off                ; Off                ;
; Allow Any RAM Size For Recognition                                         ; Off                ; Off                ;
; Allow Any ROM Size For Recognition                                         ; Off                ; Off                ;
; Allow Any Shift Register Size For Recognition                              ; Off                ; Off                ;
; Use LogicLock Constraints during Resource Balancing                        ; On                 ; On                 ;
; Ignore translate_off and synthesis_off directives                          ; Off                ; Off                ;
; Timing-Driven Synthesis                                                    ; On                 ; On                 ;
; Report Parameter Settings                                                  ; On                 ; On                 ;
; Report Source Assignments                                                  ; On                 ; On                 ;
; Report Connectivity Checks                                                 ; On                 ; On                 ;
; Ignore Maximum Fan-Out Assignments                                         ; Off                ; Off                ;
; Synchronization Register Chain Length                                      ; 2                  ; 2                  ;
; PowerPlay Power Optimization During Synthesis                              ; Normal compilation ; Normal compilation ;
; HDL message level                                                          ; Level2             ; Level2             ;
; Suppress Register Optimization Related Messages                            ; Off                ; Off                ;
; Number of Removed Registers Reported in Synthesis Report                   ; 5000               ; 5000               ;
; Number of Swept Nodes Reported in Synthesis Report                         ; 5000               ; 5000               ;
; Number of Inverted Registers Reported in Synthesis Report                  ; 100                ; 100                ;
; Clock MUX Protection                                                       ; On                 ; On                 ;
; Auto Gated Clock Conversion                                                ; Off                ; Off                ;
; Block Design Naming                                                        ; Auto               ; Auto               ;
; SDC constraint protection                                                  ; Off                ; Off                ;
; Synthesis Effort                                                           ; Auto               ; Auto               ;
; Shift Register Replacement - Allow Asynchronous Clear Signal               ; On                 ; On                 ;
; Pre-Mapping Resynthesis Optimization                                       ; Off                ; Off                ;
; Analysis & Synthesis Message Level                                         ; Medium             ; Medium             ;
; Disable Register Merging Across Hierarchies                                ; Auto               ; Auto               ;
; Resource Aware Inference For Block RAM                                     ; On                 ; On                 ;
; Synthesis Seed                                                             ; 1                  ; 1                  ;
+----------------------------------------------------------------------------+--------------------+--------------------+


Parallel compilation was disabled, but you have multiple processors available. Enable parallel compilation to reduce compilation time.
+-------------------------------------+
; Parallel Compilation                ;
+----------------------------+--------+
; Processors                 ; Number ;
+----------------------------+--------+
; Number detected on machine ; 4      ;
; Maximum allowed            ; 1      ;
+----------------------------+--------+


+-------------------------------------------------------------------------------------------------------------------------------------------------+
; Analysis & Synthesis Source Files Read                                                                                                          ;
+----------------------------------+-----------------+------------------------+---------------------------------------------------------+---------+
; File Name with User-Entered Path ; Used in Netlist ; File Type              ; File Name with Absolute Path                            ; Library ;
+----------------------------------+-----------------+------------------------+---------------------------------------------------------+---------+
; project.v                        ; yes             ; User Verilog HDL File  ; E:/Guc/CSEN 605 Digital System Design/project/project.v ;         ;
; u1.v                             ; yes             ; User Verilog HDL File  ; E:/Guc/CSEN 605 Digital System Design/project/u1.v      ;         ;
+----------------------------------+-----------------+------------------------+---------------------------------------------------------+---------+


+---------------------------------------------------------+
; Analysis & Synthesis Resource Usage Summary             ;
+---------------------------------------------+-----------+
; Resource                                    ; Usage     ;
+---------------------------------------------+-----------+
; Estimated Total logic elements              ; 148       ;
;                                             ;           ;
; Total combinational functions               ; 148       ;
; Logic element usage by number of LUT inputs ;           ;
;     -- 4 input functions                    ; 71        ;
;     -- 3 input functions                    ; 28        ;
;     -- <=2 input functions                  ; 49        ;
;                                             ;           ;
; Logic elements by mode                      ;           ;
;     -- normal mode                          ; 113       ;
;     -- arithmetic mode                      ; 35        ;
;                                             ;           ;
; Total registers                             ; 48        ;
;     -- Dedicated logic registers            ; 48        ;
;     -- I/O registers                        ; 0         ;
;                                             ;           ;
; I/O pins                                    ; 35        ;
;                                             ;           ;
; Embedded Multiplier 9-bit elements          ; 0         ;
;                                             ;           ;
; Maximum fan-out node                        ; clk~input ;
; Maximum fan-out                             ; 48        ;
; Total fan-out                               ; 660       ;
; Average fan-out                             ; 2.48      ;
+---------------------------------------------+-----------+


+-----------------------------------------------------------------------------------------------------------------------------------------------------------------------------+
; Analysis & Synthesis Resource Utilization by Entity                                                                                                                         ;
+----------------------------+-------------------+--------------+-------------+--------------+---------+-----------+------+--------------+---------------------+--------------+
; Compilation Hierarchy Node ; LC Combinationals ; LC Registers ; Memory Bits ; DSP Elements ; DSP 9x9 ; DSP 18x18 ; Pins ; Virtual Pins ; Full Hierarchy Name ; Library Name ;
+----------------------------+-------------------+--------------+-------------+--------------+---------+-----------+------+--------------+---------------------+--------------+
; |project                   ; 148 (67)          ; 48 (0)       ; 0           ; 0            ; 0       ; 0         ; 35   ; 0            ; |project            ; work         ;
;    |u1:t|                  ; 81 (81)           ; 48 (48)      ; 0           ; 0            ; 0       ; 0         ; 0    ; 0            ; |project|u1:t       ; work         ;
+----------------------------+-------------------+--------------+-------------+--------------+---------+-----------+------+--------------+---------------------+--------------+
Note: For table entries with two numbers listed, the numbers in parentheses indicate the number of resources of the given type used by the specific entity alone. The numbers listed outside of parentheses indicate the total resources of the given type used by the specific entity and all of its sub-entities in the hierarchy.


+---------------------------------------------------------------------------------------------------+
; User-Specified and Inferred Latches                                                               ;
+----------------------------------------------------+---------------------+------------------------+
; Latch Name                                         ; Latch Enable Signal ; Free of Timing Hazards ;
+----------------------------------------------------+---------------------+------------------------+
; u1:t|transmit                                      ; u1:t|transmit       ; yes                    ;
; u1:t|d[0]                                          ; u1:t|Equal0         ; yes                    ;
; u1:t|d[1]                                          ; u1:t|Equal0         ; yes                    ;
; u1:t|d[2]                                          ; u1:t|Equal0         ; yes                    ;
; u1:t|d[3]                                          ; u1:t|Equal0         ; yes                    ;
; u1:t|d[4]                                          ; u1:t|Equal0         ; yes                    ;
; Number of user-specified and inferred latches = 6  ;                     ;                        ;
+----------------------------------------------------+---------------------+------------------------+
Note: All latches listed above may not be present at the end of synthesis due to various synthesis optimizations.


+------------------------------------------------------+
; General Register Statistics                          ;
+----------------------------------------------+-------+
; Statistic                                    ; Value ;
+----------------------------------------------+-------+
; Total registers                              ; 48    ;
; Number of registers using Synchronous Clear  ; 32    ;
; Number of registers using Synchronous Load   ; 0     ;
; Number of registers using Asynchronous Clear ; 0     ;
; Number of registers using Asynchronous Load  ; 0     ;
; Number of registers using Clock Enable       ; 16    ;
; Number of registers using Preset             ; 0     ;
+----------------------------------------------+-------+


+----------------------------------------------------------------------------------------------------------------------------------------------+
; Multiplexer Restructuring Statistics (Restructuring Performed)                                                                               ;
+--------------------+-----------+---------------+----------------------+------------------------+------------+--------------------------------+
; Multiplexer Inputs ; Bus Width ; Baseline Area ; Area if Restructured ; Saving if Restructured ; Registered ; Example Multiplexer Output     ;
+--------------------+-----------+---------------+----------------------+------------------------+------------+--------------------------------+
; 3:1                ; 4 bits    ; 8 LEs         ; 4 LEs                ; 4 LEs                  ; Yes        ; |project|u1:t|rightShiftReg[6] ;
; 3:1                ; 5 bits    ; 10 LEs        ; 5 LEs                ; 5 LEs                  ; Yes        ; |project|u1:t|rightShiftReg[2] ;
; 3:1                ; 5 bits    ; 10 LEs        ; 5 LEs                ; 5 LEs                  ; Yes        ; |project|u1:t|bitCounter[2]    ;
+--------------------+-----------+---------------+----------------------+------------------------+------------+--------------------------------+


+--------------------------------------------------------------------------------------------------------------------------------------------------------------------------------------------------------------------+
; Port Connectivity Checks: "u1:t"                                                                                                                                                                                   ;
+------------+-------+----------+------------------------------------------------------------------------------------------------------------------------------------------------------------------------------------+
; Port       ; Type  ; Severity ; Details                                                                                                                                                                            ;
+------------+-------+----------+------------------------------------------------------------------------------------------------------------------------------------------------------------------------------------+
; reset      ; Input ; Warning  ; Input port expression (32 bits) is wider than the input port (1 bits) it drives.  The 31 most-significant bit(s) in the expression will be dangling if they have no other fanouts. ;
; reset[-1]  ; Input ; Info     ; Stuck at GND                                                                                                                                                                       ;
; data[7..5] ; Input ; Info     ; Stuck at GND                                                                                                                                                                       ;
+------------+-------+----------+------------------------------------------------------------------------------------------------------------------------------------------------------------------------------------+


+-----------------------------------------------------+
; Post-Synthesis Netlist Statistics for Top Partition ;
+-----------------------+-----------------------------+
; Type                  ; Count                       ;
+-----------------------+-----------------------------+
; boundary_port         ; 35                          ;
; cycloneiii_ff         ; 48                          ;
;     ENA               ; 16                          ;
;     SCLR              ; 32                          ;
; cycloneiii_lcell_comb ; 151                         ;
;     arith             ; 35                          ;
;         2 data inputs ; 35                          ;
;     normal            ; 116                         ;
;         1 data inputs ; 5                           ;
;         2 data inputs ; 12                          ;
;         3 data inputs ; 28                          ;
;         4 data inputs ; 71                          ;
;                       ;                             ;
; Max LUT depth         ; 9.00                        ;
; Average LUT depth     ; 5.06                        ;
+-----------------------+-----------------------------+


+-------------------------------+
; Elapsed Time Per Partition    ;
+----------------+--------------+
; Partition Name ; Elapsed Time ;
+----------------+--------------+
; Top            ; 00:00:02     ;
+----------------+--------------+


+-------------------------------+
; Analysis & Synthesis Messages ;
+-------------------------------+
Info: *******************************************************************
Info: Running Quartus Prime Analysis & Synthesis
    Info: Version 15.1.0 Build 185 10/21/2015 SJ Lite Edition
    Info: Processing started: Mon Dec 04 15:18:20 2017
Info: Command: quartus_map --read_settings_files=on --write_settings_files=off project -c project
Warning (20028): Parallel compilation is not licensed and has been disabled
Info (12021): Found 1 design units, including 1 entities, in source file uart.v
    Info (12023): Found entity 1: uart File: E:/Guc/CSEN 605 Digital System Design/project/uart.v Line: 1
Info (12021): Found 1 design units, including 1 entities, in source file project.v
    Info (12023): Found entity 1: project File: E:/Guc/CSEN 605 Digital System Design/project/project.v Line: 1
Info (12021): Found 1 design units, including 1 entities, in source file u1.v
    Info (12023): Found entity 1: u1 File: E:/Guc/CSEN 605 Digital System Design/project/u1.v Line: 1
Info (12127): Elaborating entity "project" for the top level hierarchy
Info (12128): Elaborating entity "u1" for hierarchy "u1:t" File: E:/Guc/CSEN 605 Digital System Design/project/project.v Line: 378
Warning (10230): Verilog HDL assignment warning at u1.v(64): truncated value with size 32 to match size of target (5) File: E:/Guc/CSEN 605 Digital System Design/project/u1.v Line: 64
Warning (10235): Verilog HDL Always Construct warning at u1.v(72): variable "d" is read inside the Always Construct but isn't in the Always Construct's Event Control File: E:/Guc/CSEN 605 Digital System Design/project/u1.v Line: 72
Warning (10235): Verilog HDL Always Construct warning at u1.v(111): variable "rightShiftReg" is read inside the Always Construct but isn't in the Always Construct's Event Control File: E:/Guc/CSEN 605 Digital System Design/project/u1.v Line: 111
Warning (10240): Verilog HDL Always Construct warning at u1.v(70): inferring latch(es) for variable "transmit", which holds its previous value in one or more paths through the always construct File: E:/Guc/CSEN 605 Digital System Design/project/u1.v Line: 70
Warning (10240): Verilog HDL Always Construct warning at u1.v(70): inferring latch(es) for variable "d", which holds its previous value in one or more paths through the always construct File: E:/Guc/CSEN 605 Digital System Design/project/u1.v Line: 70
Info (10041): Inferred latch for "d[0]" at u1.v(70) File: E:/Guc/CSEN 605 Digital System Design/project/u1.v Line: 70
Info (10041): Inferred latch for "d[1]" at u1.v(70) File: E:/Guc/CSEN 605 Digital System Design/project/u1.v Line: 70
Info (10041): Inferred latch for "d[2]" at u1.v(70) File: E:/Guc/CSEN 605 Digital System Design/project/u1.v Line: 70
Info (10041): Inferred latch for "d[3]" at u1.v(70) File: E:/Guc/CSEN 605 Digital System Design/project/u1.v Line: 70
Info (10041): Inferred latch for "d[4]" at u1.v(70) File: E:/Guc/CSEN 605 Digital System Design/project/u1.v Line: 70
Info (10041): Inferred latch for "d[5]" at u1.v(70) File: E:/Guc/CSEN 605 Digital System Design/project/u1.v Line: 70
Info (10041): Inferred latch for "d[6]" at u1.v(70) File: E:/Guc/CSEN 605 Digital System Design/project/u1.v Line: 70
Info (10041): Inferred latch for "d[7]" at u1.v(70) File: E:/Guc/CSEN 605 Digital System Design/project/u1.v Line: 70
Info (10041): Inferred latch for "transmit" at u1.v(70) File: E:/Guc/CSEN 605 Digital System Design/project/u1.v Line: 70
Warning (12241): 1 hierarchies have connectivity warnings - see the Connectivity Checks report folder
Warning (13012): Latch u1:t|transmit has unsafe behavior File: E:/Guc/CSEN 605 Digital System Design/project/u1.v Line: 7
    Warning (13013): Ports D and ENA on the latch are fed by the same signal u1:t|state File: E:/Guc/CSEN 605 Digital System Design/project/u1.v Line: 15
Warning (13012): Latch u1:t|d[0] has unsafe behavior File: E:/Guc/CSEN 605 Digital System Design/project/u1.v Line: 70
    Warning (13013): Ports D and ENA on the latch are fed by the same signal WideOr19 File: E:/Guc/CSEN 605 Digital System Design/project/project.v Line: 156
Warning (13012): Latch u1:t|d[1] has unsafe behavior File: E:/Guc/CSEN 605 Digital System Design/project/u1.v Line: 70
    Warning (13013): Ports D and ENA on the latch are fed by the same signal WideOr18 File: E:/Guc/CSEN 605 Digital System Design/project/project.v Line: 156
Warning (13012): Latch u1:t|d[2] has unsafe behavior File: E:/Guc/CSEN 605 Digital System Design/project/u1.v Line: 70
    Warning (13013): Ports D and ENA on the latch are fed by the same signal WideOr17 File: E:/Guc/CSEN 605 Digital System Design/project/project.v Line: 156
Warning (13012): Latch u1:t|d[3] has unsafe behavior File: E:/Guc/CSEN 605 Digital System Design/project/u1.v Line: 70
    Warning (13013): Ports D and ENA on the latch are fed by the same signal WideOr16 File: E:/Guc/CSEN 605 Digital System Design/project/project.v Line: 156
Warning (13012): Latch u1:t|d[4] has unsafe behavior File: E:/Guc/CSEN 605 Digital System Design/project/u1.v Line: 70
    Warning (13013): Ports D and ENA on the latch are fed by the same signal in[0] File: E:/Guc/CSEN 605 Digital System Design/project/project.v Line: 11
Info (286030): Timing-Driven Synthesis is running
Info (16010): Generating hard_block partition "hard_block:auto_generated_inst"
    Info (16011): Adding 0 node(s), including 0 DDIO, 0 PLL, 0 transceiver and 0 LCELL
Warning (21074): Design contains 1 input pin(s) that do not drive logic
    Warning (15610): No output dependent on input pin "rst_n" File: E:/Guc/CSEN 605 Digital System Design/project/project.v Line: 7
Info (21057): Implemented 183 device resources after synthesis - the final resource count might be different
    Info (21058): Implemented 18 input pins
    Info (21059): Implemented 17 output pins
    Info (21061): Implemented 148 logic cells
Info: Quartus Prime Analysis & Synthesis was successful. 0 errors, 21 warnings
    Info: Peak virtual memory: 783 megabytes
    Info: Processing ended: Mon Dec 04 15:19:02 2017
    Info: Elapsed time: 00:00:42
    Info: Total CPU time (on all processors): 00:01:45


